<?xml version="1.0" encoding="UTF-8"?>
<coverage generated="1607210191551" clover="3.2.0">
  <project timestamp="1607210191551" name="All files">
    <metrics statements="9" coveredstatements="7" conditionals="12" coveredconditionals="8" methods="2" coveredmethods="2" elements="23" coveredelements="17" complexity="0" loc="9" ncloc="9" packages="1" files="1" classes="1"/>
    <file name="app.js" path="C:\Users\oona1\Documents\TestingProject\src\app.js">
      <metrics statements="9" coveredstatements="7" conditionals="12" coveredconditionals="8" methods="2" coveredmethods="2"/>
      <line num="3" count="1" type="cond" truecount="1" falsecount="1"/>
      <line num="5" count="2" type="cond" truecount="3" falsecount="1"/>
      <line num="6" count="0" type="stmt"/>
      <line num="9" count="2" type="stmt"/>
      <line num="14" count="1" type="cond" truecount="1" falsecount="1"/>
      <line num="15" count="2" type="cond" truecount="3" falsecount="1"/>
      <line num="16" count="0" type="stmt"/>
      <line num="19" count="2" type="stmt"/>
      <line num="23" count="1" type="stmt"/>
    </file>
  </project>
</coverage>
