{"C:\\Users\\oona1\\Documents\\TestingProject\\src\\app.js": {"path":"C:\\Users\\oona1\\Documents\\TestingProject\\src\\app.js","statementMap":{"0":{"start":{"line":3,"column":12},"end":{"line":11,"column":1}},"1":{"start":{"line":5,"column":0},"end":{"line":7,"column":1}},"2":{"start":{"line":6,"column":4},"end":{"line":6,"column":13}},"3":{"start":{"line":9,"column":0},"end":{"line":9,"column":13}},"4":{"start":{"line":14,"column":12},"end":{"line":21,"column":1}},"5":{"start":{"line":15,"column":0},"end":{"line":17,"column":1}},"6":{"start":{"line":16,"column":4},"end":{"line":16,"column":13}},"7":{"start":{"line":19,"column":4},"end":{"line":19,"column":17}},"8":{"start":{"line":23,"column":0},"end":{"line":28,"column":2}}},"fnMap":{"0":{"name":"(anonymous_0)","decl":{"start":{"line":3,"column":12},"end":{"line":3,"column":13}},"loc":{"start":{"line":3,"column":29},"end":{"line":11,"column":1}},"line":3},"1":{"name":"(anonymous_1)","decl":{"start":{"line":14,"column":12},"end":{"line":14,"column":13}},"loc":{"start":{"line":14,"column":30},"end":{"line":21,"column":1}},"line":14}},"branchMap":{"0":{"loc":{"start":{"line":3,"column":13},"end":{"line":3,"column":18}},"type":"default-arg","locations":[{"start":{"line":3,"column":17},"end":{"line":3,"column":18}}],"line":3},"1":{"loc":{"start":{"line":3,"column":19},"end":{"line":3,"column":24}},"type":"default-arg","locations":[{"start":{"line":3,"column":23},"end":{"line":3,"column":24}}],"line":3},"2":{"loc":{"start":{"line":5,"column":0},"end":{"line":7,"column":1}},"type":"if","locations":[{"start":{"line":5,"column":0},"end":{"line":7,"column":1}},{"start":{"line":5,"column":0},"end":{"line":7,"column":1}}],"line":5},"3":{"loc":{"start":{"line":5,"column":3},"end":{"line":5,"column":47}},"type":"binary-expr","locations":[{"start":{"line":5,"column":3},"end":{"line":5,"column":22}},{"start":{"line":5,"column":26},"end":{"line":5,"column":47}}],"line":5},"4":{"loc":{"start":{"line":14,"column":13},"end":{"line":14,"column":18}},"type":"default-arg","locations":[{"start":{"line":14,"column":17},"end":{"line":14,"column":18}}],"line":14},"5":{"loc":{"start":{"line":14,"column":20},"end":{"line":14,"column":25}},"type":"default-arg","locations":[{"start":{"line":14,"column":24},"end":{"line":14,"column":25}}],"line":14},"6":{"loc":{"start":{"line":15,"column":0},"end":{"line":17,"column":1}},"type":"if","locations":[{"start":{"line":15,"column":0},"end":{"line":17,"column":1}},{"start":{"line":15,"column":0},"end":{"line":17,"column":1}}],"line":15},"7":{"loc":{"start":{"line":15,"column":3},"end":{"line":15,"column":47}},"type":"binary-expr","locations":[{"start":{"line":15,"column":3},"end":{"line":15,"column":22}},{"start":{"line":15,"column":26},"end":{"line":15,"column":47}}],"line":15}},"s":{"0":1,"1":2,"2":0,"3":2,"4":1,"5":2,"6":0,"7":2,"8":1},"f":{"0":2,"1":2},"b":{"0":[0],"1":[1],"2":[0,2],"3":[2,2],"4":[0],"5":[1],"6":[0,2],"7":[2,2]},"_coverageSchema":"1a1c01bbd47fc00a2c39e90264f33305004495a9","hash":"87f86deb19faeb20f26bf2c29fcca224f6356f53"}
}
